#-----------------------------------------------------------
# Vivado v2014.4 (64-bit)
# SW Build 1071353 on Tue Nov 18 16:47:07 MST 2014
# IP Build 1070531 on Tue Nov 18 01:10:18 MST 2014
# Start of session at: Tue Apr 18 18:04:45 2017
# Process ID: 23237
# Log file: /home/taishi/LDPCerb/analysis/work/synth.log
# Journal file: 
#-----------------------------------------------------------
source synth.tcl
# set top Ctrl
# set work work
# create_project -in_memory -part xc7v2000tflg1925-1
# read_verilog {
# Ctrl.v
# row.v
# add.v
# }
# read_xdc clk.xdc
# synth_design -top ${top} -directive runtimeoptimized -part xc7v2000tflg1925-1
Command: synth_design -top Ctrl -directive runtimeoptimized -part xc7v2000tflg1925-1
Starting synth_design
Attempting to get a license for feature 'Synthesis' and/or device 'xc7v2000t'
INFO: [Common 17-349] Got license for feature 'Synthesis' and/or device 'xc7v2000t'
INFO: [Common 17-1223] The version limit for your license is '2015.02' and will expire in -780 days. A version limit expiration means that, although you may be able to continue to use the current version of tools or IP with this license, you will not be eligible for any updates or new releases.
---------------------------------------------------------------------------------
Starting RTL Elaboration : Time (s): cpu = 00:00:03 ; elapsed = 00:00:05 . Memory (MB): peak = 865.094 ; gain = 141.734 ; free physical = 1682 ; free virtual = 5904
---------------------------------------------------------------------------------
INFO: [Synth 8-638] synthesizing module 'Ctrl' [/home/taishi/LDPCerb/analysis/Ctrl.v:3]
	Parameter zStateInit bound to: 0 - type: integer 
	Parameter zStateRow bound to: 1 - type: integer 
	Parameter zStateColumn bound to: 2 - type: integer 
INFO: [Synth 8-638] synthesizing module 'row' [/home/taishi/LDPCerb/analysis/row.v:2]
INFO: [Synth 8-256] done synthesizing module 'row' (1#1) [/home/taishi/LDPCerb/analysis/row.v:2]
INFO: [Synth 8-638] synthesizing module 'add' [/home/taishi/LDPCerb/analysis/add.v:3]
INFO: [Synth 8-256] done synthesizing module 'add' (2#1) [/home/taishi/LDPCerb/analysis/add.v:3]
INFO: [Synth 8-256] done synthesizing module 'Ctrl' (3#1) [/home/taishi/LDPCerb/analysis/Ctrl.v:3]
---------------------------------------------------------------------------------
Finished RTL Elaboration : Time (s): cpu = 00:00:04 ; elapsed = 00:00:05 . Memory (MB): peak = 907.328 ; gain = 183.969 ; free physical = 1640 ; free virtual = 5863
---------------------------------------------------------------------------------

Report Check Netlist: 
+------+------------------+-------+---------+-------+------------------+
|      |Item              |Errors |Warnings |Status |Description       |
+------+------------------+-------+---------+-------+------------------+
|1     |multi_driven_nets |      0|        0|Passed |Multi driven nets |
+------+------------------+-------+---------+-------+------------------+
---------------------------------------------------------------------------------
Finished RTL Optimization Phase 1 : Time (s): cpu = 00:00:04 ; elapsed = 00:00:05 . Memory (MB): peak = 907.328 ; gain = 183.969 ; free physical = 1637 ; free virtual = 5862
---------------------------------------------------------------------------------
Loading clock regions from /opt/Xilinx/Vivado/2014.4/data/parts/xilinx/virtex7/virtex7/xc7v2000t/ClockRegion.xml
Loading clock buffers from /opt/Xilinx/Vivado/2014.4/data/parts/xilinx/virtex7/virtex7/xc7v2000t/ClockBuffers.xml
Loading clock placement rules from /opt/Xilinx/Vivado/2014.4/data/parts/xilinx/virtex7/ClockPlacerRules.xml
Loading package pin functions from /opt/Xilinx/Vivado/2014.4/data/parts/xilinx/virtex7/PinFunctions.xml...
Loading package from /opt/Xilinx/Vivado/2014.4/data/parts/xilinx/virtex7/virtex7/xc7v2000t/flg1925/Package.xml
Loading io standards from /opt/Xilinx/Vivado/2014.4/data/./parts/xilinx/virtex7/IOStandards.xml
Loading device configuration modes from /opt/Xilinx/Vivado/2014.4/data/parts/xilinx/virtex7/ConfigModes.xml
INFO: [Project 1-570] Preparing netlist for logic optimization

Processing XDC Constraints
Initializing timing engine
Parsing XDC File [/home/taishi/LDPCerb/analysis/clk.xdc]
Finished Parsing XDC File [/home/taishi/LDPCerb/analysis/clk.xdc]
Completed Processing XDC Constraints

INFO: [Project 1-111] Unisim Transformation Summary:
No Unisim elements were transformed.

Constraint Validation Runtime : Time (s): cpu = 00:00:00.04 ; elapsed = 00:00:00.02 . Memory (MB): peak = 1713.414 ; gain = 0.000 ; free physical = 902 ; free virtual = 5217
---------------------------------------------------------------------------------
Finished Constraint Validation : Time (s): cpu = 00:00:17 ; elapsed = 00:00:19 . Memory (MB): peak = 1713.414 ; gain = 990.055 ; free physical = 899 ; free virtual = 5216
---------------------------------------------------------------------------------
---------------------------------------------------------------------------------
Start Loading Part and Timing Information
---------------------------------------------------------------------------------
Loading part: xc7v2000tflg1925-1
---------------------------------------------------------------------------------
Finished Loading Part and Timing Information : Time (s): cpu = 00:00:17 ; elapsed = 00:00:19 . Memory (MB): peak = 1713.414 ; gain = 990.055 ; free physical = 899 ; free virtual = 5216
---------------------------------------------------------------------------------
---------------------------------------------------------------------------------
Start Applying 'set_property' XDC Constraints
---------------------------------------------------------------------------------
---------------------------------------------------------------------------------
Finished applying 'set_property' XDC Constraints : Time (s): cpu = 00:00:17 ; elapsed = 00:00:20 . Memory (MB): peak = 1713.414 ; gain = 990.055 ; free physical = 898 ; free virtual = 5215
---------------------------------------------------------------------------------
---------------------------------------------------------------------------------
Finished RTL Optimization Phase 2 : Time (s): cpu = 00:00:18 ; elapsed = 00:00:20 . Memory (MB): peak = 1713.414 ; gain = 990.055 ; free physical = 886 ; free virtual = 5203
---------------------------------------------------------------------------------

Report RTL Partitions: 
+------+--------------+------------+----------+
|      |RTL Partition |Replication |Instances |
+------+--------------+------------+----------+
|1     |Ctrl__GB0     |           1|     52050|
|2     |Ctrl__GB1     |           1|     14607|
+------+--------------+------------+----------+
---------------------------------------------------------------------------------
Start RTL Component Statistics 
---------------------------------------------------------------------------------
Detailed RTL Component Info : 
+---Adders : 
	   2 Input    101 Bit       Adders := 1     
	   3 Input     32 Bit       Adders := 12    
	   2 Input     32 Bit       Adders := 3     
	   2 Input      7 Bit       Adders := 1     
	   4 Input      3 Bit       Adders := 6     
	   2 Input      3 Bit       Adders := 2     
+---XORs : 
	   2 Input      1 Bit         XORs := 1     
+---Registers : 
	               32 Bit    Registers := 50    
	                7 Bit    Registers := 1     
	                3 Bit    Registers := 3     
	                1 Bit    Registers := 3     
+---Muxes : 
	   2 Input    101 Bit        Muxes := 3     
	   2 Input     32 Bit        Muxes := 18    
	  16 Input     32 Bit        Muxes := 1     
	   2 Input      3 Bit        Muxes := 2     
	   2 Input      2 Bit        Muxes := 13    
	   2 Input      1 Bit        Muxes := 28    
---------------------------------------------------------------------------------
Finished RTL Component Statistics 
---------------------------------------------------------------------------------
---------------------------------------------------------------------------------
Start RTL Hierarchical Component Statistics 
---------------------------------------------------------------------------------
Hierarchical RTL Component report 
Module Ctrl 
Detailed RTL Component Info : 
+---Adders : 
	   2 Input    101 Bit       Adders := 1     
	   3 Input     32 Bit       Adders := 12    
	   2 Input      7 Bit       Adders := 1     
	   4 Input      3 Bit       Adders := 6     
	   2 Input      3 Bit       Adders := 2     
+---Registers : 
	               32 Bit    Registers := 48    
	                7 Bit    Registers := 1     
	                3 Bit    Registers := 3     
+---Muxes : 
	   2 Input    101 Bit        Muxes := 3     
	   2 Input     32 Bit        Muxes := 15    
	  16 Input     32 Bit        Muxes := 1     
	   2 Input      3 Bit        Muxes := 2     
	   2 Input      2 Bit        Muxes := 13    
	   2 Input      1 Bit        Muxes := 26    
Module add 
Detailed RTL Component Info : 
+---Adders : 
	   2 Input     32 Bit       Adders := 1     
+---Registers : 
	               32 Bit    Registers := 1     
	                1 Bit    Registers := 1     
+---Muxes : 
	   2 Input     32 Bit        Muxes := 1     
Module row 
Detailed RTL Component Info : 
+---Adders : 
	   2 Input     32 Bit       Adders := 2     
+---XORs : 
	   2 Input      1 Bit         XORs := 1     
+---Registers : 
	               32 Bit    Registers := 1     
	                1 Bit    Registers := 2     
+---Muxes : 
	   2 Input     32 Bit        Muxes := 2     
	   2 Input      1 Bit        Muxes := 2     
---------------------------------------------------------------------------------
Finished RTL Hierarchical Component Statistics
---------------------------------------------------------------------------------
---------------------------------------------------------------------------------
Start Part Resource Summary
---------------------------------------------------------------------------------
Part Resources:
DSPs: 2160 (col length:60)
BRAMs: 2584 (col length: RAMB18 240 RAMB36 120)
---------------------------------------------------------------------------------
Finished Part Resource Summary
---------------------------------------------------------------------------------
Start Parallel Synthesis Optimization  : Time (s): cpu = 00:00:18 ; elapsed = 00:00:21 . Memory (MB): peak = 1713.414 ; gain = 990.055 ; free physical = 886 ; free virtual = 5203
---------------------------------------------------------------------------------
Start Cross Boundary Optimization
---------------------------------------------------------------------------------
---------------------------------------------------------------------------------
Finished Cross Boundary Optimization : Time (s): cpu = 00:00:18 ; elapsed = 00:00:21 . Memory (MB): peak = 1713.414 ; gain = 990.055 ; free physical = 886 ; free virtual = 5203
---------------------------------------------------------------------------------
Finished Parallel Reinference  : Time (s): cpu = 00:00:18 ; elapsed = 00:00:21 . Memory (MB): peak = 1713.414 ; gain = 990.055 ; free physical = 886 ; free virtual = 5203

Report RTL Partitions: 
+------+--------------+------------+----------+
|      |RTL Partition |Replication |Instances |
+------+--------------+------------+----------+
|1     |Ctrl__GB0     |           1|     52050|
|2     |Ctrl__GB1     |           1|     14607|
+------+--------------+------------+----------+
---------------------------------------------------------------------------------
Start RAM, DSP and Shift Register Reporting
---------------------------------------------------------------------------------
---------------------------------------------------------------------------------
Finished RAM, DSP and Shift Register Reporting
---------------------------------------------------------------------------------
---------------------------------------------------------------------------------
Start Area Optimization
---------------------------------------------------------------------------------
INFO: [Synth 8-3333] propagating constant 0 across sequential element (i_1/\r_state_reg[2] )
---------------------------------------------------------------------------------
Finished Area Optimization : Time (s): cpu = 00:00:24 ; elapsed = 00:00:26 . Memory (MB): peak = 1713.414 ; gain = 990.055 ; free physical = 838 ; free virtual = 5158
---------------------------------------------------------------------------------
---------------------------------------------------------------------------------
Finished Area Optimization : Time (s): cpu = 00:00:24 ; elapsed = 00:00:26 . Memory (MB): peak = 1713.414 ; gain = 990.055 ; free physical = 838 ; free virtual = 5158
---------------------------------------------------------------------------------
Finished Parallel Area Optimization  : Time (s): cpu = 00:00:24 ; elapsed = 00:00:26 . Memory (MB): peak = 1713.414 ; gain = 990.055 ; free physical = 838 ; free virtual = 5158

Report RTL Partitions: 
+------+--------------+------------+----------+
|      |RTL Partition |Replication |Instances |
+------+--------------+------------+----------+
|1     |Ctrl__GB0     |           1|       497|
|2     |Ctrl__GB1     |           1|     10671|
+------+--------------+------------+----------+
Finished Parallel Synthesis Optimization  : Time (s): cpu = 00:00:24 ; elapsed = 00:00:26 . Memory (MB): peak = 1713.414 ; gain = 990.055 ; free physical = 838 ; free virtual = 5158
---------------------------------------------------------------------------------
Start Timing Optimization
---------------------------------------------------------------------------------
---------------------------------------------------------------------------------
Start Applying XDC Timing Constraints
---------------------------------------------------------------------------------
Reading work/.Xil_taishi/Vivado-23237-shirasu/realtime/Ctrl_synth.xdc
---------------------------------------------------------------------------------
Finished Applying XDC Timing Constraints : Time (s): cpu = 00:00:33 ; elapsed = 00:00:35 . Memory (MB): peak = 1713.414 ; gain = 990.055 ; free physical = 784 ; free virtual = 5114
---------------------------------------------------------------------------------
---------------------------------------------------------------------------------
Finished Timing Optimization : Time (s): cpu = 00:00:35 ; elapsed = 00:00:38 . Memory (MB): peak = 1713.414 ; gain = 990.055 ; free physical = 771 ; free virtual = 5100
---------------------------------------------------------------------------------

Report RTL Partitions: 
+------+--------------+------------+----------+
|      |RTL Partition |Replication |Instances |
+------+--------------+------------+----------+
|1     |Ctrl_GT0      |           1|     11168|
+------+--------------+------------+----------+
---------------------------------------------------------------------------------
Start Technology Mapping
---------------------------------------------------------------------------------
---------------------------------------------------------------------------------
Finished Technology Mapping : Time (s): cpu = 00:00:39 ; elapsed = 00:00:42 . Memory (MB): peak = 1716.414 ; gain = 993.055 ; free physical = 754 ; free virtual = 5084
---------------------------------------------------------------------------------

Report RTL Partitions: 
+-+--------------+------------+----------+
| |RTL Partition |Replication |Instances |
+-+--------------+------------+----------+
+-+--------------+------------+----------+
---------------------------------------------------------------------------------
Start IO Insertion
---------------------------------------------------------------------------------
---------------------------------------------------------------------------------
Start Flattening Before IO Insertion
---------------------------------------------------------------------------------
---------------------------------------------------------------------------------
Finished Flattening Before IO Insertion
---------------------------------------------------------------------------------
---------------------------------------------------------------------------------
Start Final Netlist Cleanup
---------------------------------------------------------------------------------
---------------------------------------------------------------------------------
Finished Final Netlist Cleanup
---------------------------------------------------------------------------------
---------------------------------------------------------------------------------
Finished IO Insertion : Time (s): cpu = 00:00:40 ; elapsed = 00:00:42 . Memory (MB): peak = 1716.414 ; gain = 993.055 ; free physical = 754 ; free virtual = 5084
---------------------------------------------------------------------------------

Report Check Netlist: 
+------+------------------+-------+---------+-------+------------------+
|      |Item              |Errors |Warnings |Status |Description       |
+------+------------------+-------+---------+-------+------------------+
|1     |multi_driven_nets |      0|        0|Passed |Multi driven nets |
+------+------------------+-------+---------+-------+------------------+
---------------------------------------------------------------------------------
Start Renaming Generated Instances
---------------------------------------------------------------------------------
---------------------------------------------------------------------------------
Finished Renaming Generated Instances : Time (s): cpu = 00:00:40 ; elapsed = 00:00:43 . Memory (MB): peak = 1716.414 ; gain = 993.055 ; free physical = 754 ; free virtual = 5084
---------------------------------------------------------------------------------

Report RTL Partitions: 
+-+--------------+------------+----------+
| |RTL Partition |Replication |Instances |
+-+--------------+------------+----------+
+-+--------------+------------+----------+
---------------------------------------------------------------------------------
Start Rebuilding User Hierarchy
---------------------------------------------------------------------------------
---------------------------------------------------------------------------------
Finished Rebuilding User Hierarchy : Time (s): cpu = 00:00:40 ; elapsed = 00:00:43 . Memory (MB): peak = 1716.414 ; gain = 993.055 ; free physical = 754 ; free virtual = 5084
---------------------------------------------------------------------------------
---------------------------------------------------------------------------------
Start RAM, DSP and Shift Register Reporting
---------------------------------------------------------------------------------
---------------------------------------------------------------------------------
Finished RAM, DSP and Shift Register Reporting
---------------------------------------------------------------------------------
---------------------------------------------------------------------------------
Start Writing Synthesis Report
---------------------------------------------------------------------------------

Report BlackBoxes: 
+-+--------------+----------+
| |BlackBox name |Instances |
+-+--------------+----------+
+-+--------------+----------+

Report Cell Usage: 
+------+-------+------+
|      |Cell   |Count |
+------+-------+------+
|1     |BUFG   |     1|
|2     |CARRY4 |   198|
|3     |LUT1   |   154|
|4     |LUT2   |   548|
|5     |LUT3   |   855|
|6     |LUT4   |   475|
|7     |LUT5   |   240|
|8     |LUT6   |  1231|
|9     |MUXF7  |   428|
|10    |MUXF8  |   121|
|11    |FDCE   |  1660|
|12    |FDRE   |    33|
|13    |FDSE   |    32|
|14    |IBUF   |   387|
|15    |OBUF   |    20|
+------+-------+------+

Report Instance Areas: 
+------+---------+-------+------+
|      |Instance |Module |Cells |
+------+---------+-------+------+
|1     |top      |       |  6383|
|2     |  add    |add    |  1224|
|3     |  row    |row    |  1538|
+------+---------+-------+------+
---------------------------------------------------------------------------------
Finished Writing Synthesis Report : Time (s): cpu = 00:00:40 ; elapsed = 00:00:43 . Memory (MB): peak = 1716.414 ; gain = 993.055 ; free physical = 754 ; free virtual = 5084
---------------------------------------------------------------------------------
Synthesis finished with 0 errors, 0 critical warnings and 0 warnings.
Synthesis Optimization Runtime : Time (s): cpu = 00:00:27 ; elapsed = 00:00:28 . Memory (MB): peak = 1716.414 ; gain = 94.230 ; free physical = 754 ; free virtual = 5084
Synthesis Optimization Complete : Time (s): cpu = 00:00:40 ; elapsed = 00:00:43 . Memory (MB): peak = 1716.414 ; gain = 993.055 ; free physical = 754 ; free virtual = 5084
INFO: [Project 1-571] Translating synthesized netlist
INFO: [Netlist 29-17] Analyzing 585 Unisim elements for replacement
INFO: [Netlist 29-28] Unisim Transformation completed in 0 CPU seconds
INFO: [Project 1-570] Preparing netlist for logic optimization
INFO: [Opt 31-140] Inserted 0 IBUFs to IO ports without IO buffers.
INFO: [Opt 31-141] Inserted 0 OBUFs to IO ports without IO buffers.
Parsing XDC File [/home/taishi/LDPCerb/analysis/clk.xdc]
Finished Parsing XDC File [/home/taishi/LDPCerb/analysis/clk.xdc]
INFO: [Opt 31-138] Pushed 0 inverter(s) to 0 load pin(s).
INFO: [Project 1-111] Unisim Transformation Summary:
No Unisim elements were transformed.

INFO: [Common 17-83] Releasing license: Synthesis
20 Infos, 0 Warnings, 0 Critical Warnings and 0 Errors encountered.
synth_design completed successfully
synth_design: Time (s): cpu = 00:00:42 ; elapsed = 00:00:43 . Memory (MB): peak = 1735.414 ; gain = 921.320 ; free physical = 735 ; free virtual = 5065
# report_utilization -file ${work}/${top}_utilization_synth.rpt
report_utilization: Time (s): cpu = 00:00:00.14 ; elapsed = 00:00:00.22 . Memory (MB): peak = 1735.414 ; gain = 0.000 ; free physical = 735 ; free virtual = 5064
# report_timing_summary -file ${work}/${top}_timing_summary_synth.rpt
INFO: [Timing 38-35] Done setting XDC timing constraints.
INFO: [Timing 38-91] UpdateTimingParams: Speed grade: -1, Delay Type: min_max.
INFO: [Timing 38-191] Multithreading enabled for timing update using a maximum of 8 CPUs
report_timing_summary: Time (s): cpu = 00:00:20 ; elapsed = 00:00:19 . Memory (MB): peak = 2362.445 ; gain = 627.031 ; free physical = 214 ; free virtual = 4576
# report_timing -nworst 50 -file ${work}/${top}_timing_synth.rpt
INFO: [Timing 38-91] UpdateTimingParams: Speed grade: -1, Delay Type: max.
INFO: [Timing 38-191] Multithreading enabled for timing update using a maximum of 8 CPUs
INFO: [Timing 38-78] ReportTimingParams: -max_paths 1 -nworst 50 -delay_type max -sort_by slack.
# opt_design
Command: opt_design
Attempting to get a license for feature 'Implementation' and/or device 'xc7v2000t'
INFO: [Common 17-349] Got license for feature 'Implementation' and/or device 'xc7v2000t'
INFO: [Common 17-1223] The version limit for your license is '2015.02' and will expire in -780 days. A version limit expiration means that, although you may be able to continue to use the current version of tools or IP with this license, you will not be eligible for any updates or new releases.
Running DRC as a precondition to command opt_design

Starting DRC Task
INFO: [Drc 23-27] Running DRC with 8 threads
INFO: [Project 1-461] DRC finished with 0 Errors
INFO: [Project 1-462] Please refer to the DRC report (report_drc) for more information.

Time (s): cpu = 00:00:00.09 ; elapsed = 00:00:00.11 . Memory (MB): peak = 2366.449 ; gain = 0.000 ; free physical = 210 ; free virtual = 4572

Starting Logic Optimization Task

Phase 1 Retarget
INFO: [Opt 31-138] Pushed 0 inverter(s) to 0 load pin(s).
INFO: [Opt 31-49] Retargeted 0 cell(s).
Phase 1 Retarget | Checksum: 120774008

Time (s): cpu = 00:00:00.17 ; elapsed = 00:00:00.18 . Memory (MB): peak = 2366.449 ; gain = 0.000 ; free physical = 210 ; free virtual = 4572

Phase 2 Constant Propagation
INFO: [Opt 31-138] Pushed 0 inverter(s) to 0 load pin(s).
INFO: [Opt 31-10] Eliminated 101 cells.
Phase 2 Constant Propagation | Checksum: 19c637df3

Time (s): cpu = 00:00:00.35 ; elapsed = 00:00:00.36 . Memory (MB): peak = 2366.449 ; gain = 0.000 ; free physical = 204 ; free virtual = 4571

Phase 3 Sweep
INFO: [Opt 31-12] Eliminated 692 unconnected nets.
INFO: [Opt 31-140] Inserted 0 IBUFs to IO ports without IO buffers.
INFO: [Opt 31-141] Inserted 0 OBUFs to IO ports without IO buffers.
INFO: [Opt 31-11] Eliminated 0 unconnected cells.
Phase 3 Sweep | Checksum: 397862a7

Time (s): cpu = 00:00:00.53 ; elapsed = 00:00:00.54 . Memory (MB): peak = 2366.449 ; gain = 0.000 ; free physical = 204 ; free virtual = 4571
Ending Logic Optimization Task | Checksum: 397862a7

Time (s): cpu = 00:00:00.55 ; elapsed = 00:00:00.55 . Memory (MB): peak = 2366.449 ; gain = 0.000 ; free physical = 204 ; free virtual = 4571
Implement Debug Cores | Checksum: 11409bbc3
Logic Optimization | Checksum: 11409bbc3

Starting Power Optimization Task
INFO: [Pwropt 34-132] Skipping clock gating for clocks with a period < 3.12 ns.
Ending Power Optimization Task | Checksum: 397862a7

Time (s): cpu = 00:00:00.01 ; elapsed = 00:00:00.02 . Memory (MB): peak = 2366.449 ; gain = 0.000 ; free physical = 204 ; free virtual = 4571
INFO: [Common 17-83] Releasing license: Implementation
15 Infos, 0 Warnings, 0 Critical Warnings and 0 Errors encountered.
opt_design completed successfully
# place_design
Command: place_design
Attempting to get a license for feature 'Implementation' and/or device 'xc7v2000t'
INFO: [Common 17-349] Got license for feature 'Implementation' and/or device 'xc7v2000t'
INFO: [Common 17-1223] The version limit for your license is '2015.02' and will expire in -780 days. A version limit expiration means that, although you may be able to continue to use the current version of tools or IP with this license, you will not be eligible for any updates or new releases.
INFO: [Drc 23-27] Running DRC with 8 threads
INFO: [Vivado_Tcl 4-198] DRC finished with 0 Errors
INFO: [Vivado_Tcl 4-199] Please refer to the DRC report (report_drc) for more information.
Running DRC as a precondition to command place_design
INFO: [Drc 23-27] Running DRC with 8 threads
INFO: [Vivado_Tcl 4-198] DRC finished with 0 Errors
INFO: [Vivado_Tcl 4-199] Please refer to the DRC report (report_drc) for more information.

Starting Placer Task
INFO: [Place 30-611] Multithreading enabled for place_design using a maximum of 8 CPUs

Phase 1 Placer Runtime Estimator
Phase 1 Placer Runtime Estimator | Checksum: 0ad46a04

Time (s): cpu = 00:00:00.13 ; elapsed = 00:00:00.13 . Memory (MB): peak = 2718.785 ; gain = 0.004 ; free physical = 123 ; free virtual = 4184

Phase 2 Placer Initialization

Phase 2.1 Placer Initialization Core
Netlist sorting complete. Time (s): cpu = 00:00:00 ; elapsed = 00:00:00 . Memory (MB): peak = 2718.785 ; gain = 0.000 ; free physical = 123 ; free virtual = 4184
Netlist sorting complete. Time (s): cpu = 00:00:00 ; elapsed = 00:00:00.01 . Memory (MB): peak = 2718.785 ; gain = 0.000 ; free physical = 123 ; free virtual = 4184

Phase 2.1.1 IO Placement/ Clock Placement/ Build Placer Device

Phase 2.1.1.1 Pre-Place Cells
Phase 2.1.1.1 Pre-Place Cells | Checksum: 00000000

Time (s): cpu = 00:00:00.30 ; elapsed = 00:00:00.31 . Memory (MB): peak = 2718.785 ; gain = 0.004 ; free physical = 124 ; free virtual = 4184
INFO: [Timing 38-35] Done setting XDC timing constraints.

Phase 2.1.1.2 IO & Clk Clean Up
Phase 2.1.1.2 IO & Clk Clean Up | Checksum: 00000000

Time (s): cpu = 00:00:08 ; elapsed = 00:00:05 . Memory (MB): peak = 2854.848 ; gain = 136.066 ; free physical = 123 ; free virtual = 4184

Phase 2.1.1.3 Implementation Feasibility check On IDelay
Phase 2.1.1.3 Implementation Feasibility check On IDelay | Checksum: 00000000

Time (s): cpu = 00:00:08 ; elapsed = 00:00:05 . Memory (MB): peak = 2854.848 ; gain = 136.066 ; free physical = 123 ; free virtual = 4184

Phase 2.1.1.4 Commit IO Placement
Phase 2.1.1.4 Commit IO Placement | Checksum: ced37384

Time (s): cpu = 00:00:08 ; elapsed = 00:00:06 . Memory (MB): peak = 2854.848 ; gain = 136.066 ; free physical = 123 ; free virtual = 4184
Phase 2.1.1 IO Placement/ Clock Placement/ Build Placer Device | Checksum: 18283188f

Time (s): cpu = 00:00:08 ; elapsed = 00:00:06 . Memory (MB): peak = 2854.848 ; gain = 136.066 ; free physical = 123 ; free virtual = 4184

Phase 2.1.2 Build Placer Netlist Model

Phase 2.1.2.1 Place Init Design

Phase 2.1.2.1.1 Init Lut Pin Assignment
Phase 2.1.2.1.1 Init Lut Pin Assignment | Checksum: 20da19404

Time (s): cpu = 00:00:09 ; elapsed = 00:00:06 . Memory (MB): peak = 2854.848 ; gain = 136.066 ; free physical = 123 ; free virtual = 4184
Phase 2.1.2.1 Place Init Design | Checksum: 1ca1a36a2

Time (s): cpu = 00:00:13 ; elapsed = 00:00:07 . Memory (MB): peak = 2854.848 ; gain = 136.066 ; free physical = 123 ; free virtual = 4184
Phase 2.1.2 Build Placer Netlist Model | Checksum: 1ca1a36a2

Time (s): cpu = 00:00:13 ; elapsed = 00:00:07 . Memory (MB): peak = 2854.848 ; gain = 136.066 ; free physical = 123 ; free virtual = 4184

Phase 2.1.3 Constrain Clocks/Macros

Phase 2.1.3.1 Constrain Global/Regional Clocks
Phase 2.1.3.1 Constrain Global/Regional Clocks | Checksum: 1ca1a36a2

Time (s): cpu = 00:00:13 ; elapsed = 00:00:07 . Memory (MB): peak = 2854.848 ; gain = 136.066 ; free physical = 123 ; free virtual = 4184
Phase 2.1.3 Constrain Clocks/Macros | Checksum: 1ca1a36a2

Time (s): cpu = 00:00:13 ; elapsed = 00:00:07 . Memory (MB): peak = 2854.848 ; gain = 136.066 ; free physical = 123 ; free virtual = 4184
Phase 2.1 Placer Initialization Core | Checksum: 1ca1a36a2

Time (s): cpu = 00:00:13 ; elapsed = 00:00:07 . Memory (MB): peak = 2854.848 ; gain = 136.066 ; free physical = 123 ; free virtual = 4184
Phase 2 Placer Initialization | Checksum: 1ca1a36a2

Time (s): cpu = 00:00:13 ; elapsed = 00:00:07 . Memory (MB): peak = 2854.848 ; gain = 136.066 ; free physical = 123 ; free virtual = 4184

Phase 3 Global Placement
Phase 3 Global Placement | Checksum: 23303b819

Time (s): cpu = 00:00:29 ; elapsed = 00:00:14 . Memory (MB): peak = 2886.863 ; gain = 168.082 ; free physical = 124 ; free virtual = 4185

Phase 4 Detail Placement

Phase 4.1 Commit Multi Column Macros
Phase 4.1 Commit Multi Column Macros | Checksum: 23303b819

Time (s): cpu = 00:00:29 ; elapsed = 00:00:14 . Memory (MB): peak = 2886.863 ; gain = 168.082 ; free physical = 124 ; free virtual = 4185

Phase 4.2 Commit Most Macros & LUTRAMs
Phase 4.2 Commit Most Macros & LUTRAMs | Checksum: 1b44fed8c

Time (s): cpu = 00:00:31 ; elapsed = 00:00:15 . Memory (MB): peak = 2886.863 ; gain = 168.082 ; free physical = 124 ; free virtual = 4186

Phase 4.3 Area Swap Optimization
Phase 4.3 Area Swap Optimization | Checksum: 1494f0ad5

Time (s): cpu = 00:00:31 ; elapsed = 00:00:15 . Memory (MB): peak = 2886.863 ; gain = 168.082 ; free physical = 124 ; free virtual = 4186

Phase 4.4 updateClock Trees: DP
Phase 4.4 updateClock Trees: DP | Checksum: 1494f0ad5

Time (s): cpu = 00:00:31 ; elapsed = 00:00:15 . Memory (MB): peak = 2886.863 ; gain = 168.082 ; free physical = 124 ; free virtual = 4186

Phase 4.5 Timing Path Optimizer
Phase 4.5 Timing Path Optimizer | Checksum: 11d782014

Time (s): cpu = 00:00:32 ; elapsed = 00:00:15 . Memory (MB): peak = 2886.863 ; gain = 168.082 ; free physical = 124 ; free virtual = 4186

Phase 4.6 Small Shape Detail Placement

Phase 4.6.1 Commit Small Macros & Core Logic

Phase 4.6.1.1 setBudgets
Phase 4.6.1.1 setBudgets | Checksum: 12342e1c6

Time (s): cpu = 00:00:32 ; elapsed = 00:00:15 . Memory (MB): peak = 2886.863 ; gain = 168.082 ; free physical = 124 ; free virtual = 4186

Phase 4.6.1.2 Commit Slice Clusters
Phase 4.6.1.2 Commit Slice Clusters | Checksum: 130fd4f73

Time (s): cpu = 00:00:36 ; elapsed = 00:00:17 . Memory (MB): peak = 2927.785 ; gain = 209.004 ; free physical = 153 ; free virtual = 4106
Phase 4.6.1 Commit Small Macros & Core Logic | Checksum: 130fd4f73

Time (s): cpu = 00:00:36 ; elapsed = 00:00:17 . Memory (MB): peak = 2927.785 ; gain = 209.004 ; free physical = 153 ; free virtual = 4106

Phase 4.6.2 Clock Restriction Legalization for Leaf Columns
Phase 4.6.2 Clock Restriction Legalization for Leaf Columns | Checksum: 130fd4f73

Time (s): cpu = 00:00:37 ; elapsed = 00:00:18 . Memory (MB): peak = 2927.785 ; gain = 209.004 ; free physical = 153 ; free virtual = 4106

Phase 4.6.3 Clock Restriction Legalization for Non-Clock Pins
Phase 4.6.3 Clock Restriction Legalization for Non-Clock Pins | Checksum: 130fd4f73

Time (s): cpu = 00:00:37 ; elapsed = 00:00:18 . Memory (MB): peak = 2927.785 ; gain = 209.004 ; free physical = 153 ; free virtual = 4106
Phase 4.6 Small Shape Detail Placement | Checksum: 130fd4f73

Time (s): cpu = 00:00:37 ; elapsed = 00:00:18 . Memory (MB): peak = 2927.785 ; gain = 209.004 ; free physical = 153 ; free virtual = 4106

Phase 4.7 Re-assign LUT pins
Phase 4.7 Re-assign LUT pins | Checksum: 130fd4f73

Time (s): cpu = 00:00:37 ; elapsed = 00:00:18 . Memory (MB): peak = 2927.785 ; gain = 209.004 ; free physical = 153 ; free virtual = 4106
Phase 4 Detail Placement | Checksum: 130fd4f73

Time (s): cpu = 00:00:37 ; elapsed = 00:00:18 . Memory (MB): peak = 2927.785 ; gain = 209.004 ; free physical = 153 ; free virtual = 4106

Phase 5 Post Placement Optimization and Clean-Up

Phase 5.1 PCOPT Shape updates
Phase 5.1 PCOPT Shape updates | Checksum: 1c62374f5

Time (s): cpu = 00:00:37 ; elapsed = 00:00:18 . Memory (MB): peak = 2927.785 ; gain = 209.004 ; free physical = 153 ; free virtual = 4106

Phase 5.2 Post Commit Optimization

Phase 5.2.1 updateClock Trees: PCOPT
Phase 5.2.1 updateClock Trees: PCOPT | Checksum: 1c62374f5

Time (s): cpu = 00:00:37 ; elapsed = 00:00:18 . Memory (MB): peak = 2927.785 ; gain = 209.004 ; free physical = 153 ; free virtual = 4106

Phase 5.2.2 Post Placement Optimization

Phase 5.2.2.1 Post Placement Timing Optimization

Phase 5.2.2.1.1 Restore Best Placement
Phase 5.2.2.1.1 Restore Best Placement | Checksum: 11e822a23

Time (s): cpu = 00:00:39 ; elapsed = 00:00:19 . Memory (MB): peak = 2927.785 ; gain = 209.004 ; free physical = 153 ; free virtual = 4106
INFO: [Place 30-746] Post Placement Timing Summary WNS=0.532. For the most accurate timing information please run report_timing.
Phase 5.2.2.1 Post Placement Timing Optimization | Checksum: 11e822a23

Time (s): cpu = 00:00:39 ; elapsed = 00:00:19 . Memory (MB): peak = 2927.785 ; gain = 209.004 ; free physical = 153 ; free virtual = 4106
Phase 5.2.2 Post Placement Optimization | Checksum: 11e822a23

Time (s): cpu = 00:00:39 ; elapsed = 00:00:19 . Memory (MB): peak = 2927.785 ; gain = 209.004 ; free physical = 153 ; free virtual = 4106
Phase 5.2 Post Commit Optimization | Checksum: 11e822a23

Time (s): cpu = 00:00:39 ; elapsed = 00:00:19 . Memory (MB): peak = 2927.785 ; gain = 209.004 ; free physical = 153 ; free virtual = 4106

Phase 5.3 Sweep Clock Roots: Post-Placement
Phase 5.3 Sweep Clock Roots: Post-Placement | Checksum: 11e822a23

Time (s): cpu = 00:00:39 ; elapsed = 00:00:19 . Memory (MB): peak = 2927.785 ; gain = 209.004 ; free physical = 153 ; free virtual = 4106

Phase 5.4 Post Placement Cleanup
Phase 5.4 Post Placement Cleanup | Checksum: 11e822a23

Time (s): cpu = 00:00:39 ; elapsed = 00:00:19 . Memory (MB): peak = 2927.785 ; gain = 209.004 ; free physical = 153 ; free virtual = 4106

Phase 5.5 Placer Reporting

Phase 5.5.1 Restore STA
Phase 5.5.1 Restore STA | Checksum: 11e822a23

Time (s): cpu = 00:00:40 ; elapsed = 00:00:19 . Memory (MB): peak = 2927.785 ; gain = 209.004 ; free physical = 153 ; free virtual = 4106
Phase 5.5 Placer Reporting | Checksum: 11e822a23

Time (s): cpu = 00:00:40 ; elapsed = 00:00:19 . Memory (MB): peak = 2927.785 ; gain = 209.004 ; free physical = 153 ; free virtual = 4106

Phase 5.6 Final Placement Cleanup
Phase 5.6 Final Placement Cleanup | Checksum: 134574963

Time (s): cpu = 00:00:40 ; elapsed = 00:00:19 . Memory (MB): peak = 2927.785 ; gain = 209.004 ; free physical = 153 ; free virtual = 4106
Phase 5 Post Placement Optimization and Clean-Up | Checksum: 134574963

Time (s): cpu = 00:00:40 ; elapsed = 00:00:19 . Memory (MB): peak = 2927.785 ; gain = 209.004 ; free physical = 153 ; free virtual = 4106
Ending Placer Task | Checksum: 133877a1c

Time (s): cpu = 00:00:40 ; elapsed = 00:00:19 . Memory (MB): peak = 2927.785 ; gain = 209.004 ; free physical = 153 ; free virtual = 4106
INFO: [Common 17-83] Releasing license: Implementation
12 Infos, 0 Warnings, 0 Critical Warnings and 0 Errors encountered.
place_design completed successfully
place_design: Time (s): cpu = 00:00:42 ; elapsed = 00:00:21 . Memory (MB): peak = 2927.785 ; gain = 561.336 ; free physical = 153 ; free virtual = 4106
# route_design
Command: route_design
Attempting to get a license for feature 'Implementation' and/or device 'xc7v2000t'
INFO: [Common 17-349] Got license for feature 'Implementation' and/or device 'xc7v2000t'
INFO: [Common 17-1223] The version limit for your license is '2015.02' and will expire in -780 days. A version limit expiration means that, although you may be able to continue to use the current version of tools or IP with this license, you will not be eligible for any updates or new releases.
Running DRC as a precondition to command route_design
INFO: [Drc 23-27] Running DRC with 8 threads
INFO: [Vivado_Tcl 4-198] DRC finished with 0 Errors
INFO: [Vivado_Tcl 4-199] Please refer to the DRC report (report_drc) for more information.


Starting Routing Task
INFO: [Route 35-254] Multithreading enabled for route_design using a maximum of 8 CPUs

Phase 1 Build RT Design
Phase 1 Build RT Design | Checksum: 1b1dd02ea

Time (s): cpu = 00:03:18 ; elapsed = 00:02:19 . Memory (MB): peak = 3256.812 ; gain = 329.027 ; free physical = 129 ; free virtual = 3831

Phase 2 Router Initialization

Phase 2.1 Create Timer
Phase 2.1 Create Timer | Checksum: 1b1dd02ea

Time (s): cpu = 00:03:18 ; elapsed = 00:02:19 . Memory (MB): peak = 3256.812 ; gain = 329.027 ; free physical = 130 ; free virtual = 3831

Phase 2.2 Pre Route Cleanup
Phase 2.2 Pre Route Cleanup | Checksum: 1b1dd02ea

Time (s): cpu = 00:03:18 ; elapsed = 00:02:19 . Memory (MB): peak = 3322.426 ; gain = 394.641 ; free physical = 217 ; free virtual = 3744
 Number of Nodes with overlaps = 0

Phase 2.3 Update Timing
Phase 2.3 Update Timing | Checksum: 15faee8d0

Time (s): cpu = 00:03:24 ; elapsed = 00:02:23 . Memory (MB): peak = 3492.582 ; gain = 564.797 ; free physical = 131 ; free virtual = 3614
INFO: [Route 35-57] Estimated Timing Summary | WNS=0.667  | TNS=0      | WHS=-0.094 | THS=-2.01  |

Phase 2 Router Initialization | Checksum: 1f220b072

Time (s): cpu = 00:03:24 ; elapsed = 00:02:23 . Memory (MB): peak = 3492.582 ; gain = 564.797 ; free physical = 131 ; free virtual = 3614

Phase 3 Initial Routing
Phase 3 Initial Routing | Checksum: fbd198ed

Time (s): cpu = 00:03:28 ; elapsed = 00:02:24 . Memory (MB): peak = 3492.582 ; gain = 564.797 ; free physical = 131 ; free virtual = 3613

Phase 4 Rip-up And Reroute

Phase 4.1 Global Iteration 0
 Number of Nodes with overlaps = 1170
 Number of Nodes with overlaps = 285
 Number of Nodes with overlaps = 60
 Number of Nodes with overlaps = 24
 Number of Nodes with overlaps = 4
 Number of Nodes with overlaps = 1
 Number of Nodes with overlaps = 3
 Number of Nodes with overlaps = 0

Phase 4.1.1 Update Timing
Phase 4.1.1 Update Timing | Checksum: 18258c39b

Time (s): cpu = 00:03:43 ; elapsed = 00:02:31 . Memory (MB): peak = 3492.582 ; gain = 564.797 ; free physical = 135 ; free virtual = 3617
INFO: [Route 35-57] Estimated Timing Summary | WNS=0.497  | TNS=0      | WHS=N/A    | THS=N/A    |

Phase 4.1 Global Iteration 0 | Checksum: 152339aec

Time (s): cpu = 00:03:44 ; elapsed = 00:02:31 . Memory (MB): peak = 3492.582 ; gain = 564.797 ; free physical = 135 ; free virtual = 3617
Phase 4 Rip-up And Reroute | Checksum: 152339aec

Time (s): cpu = 00:03:44 ; elapsed = 00:02:31 . Memory (MB): peak = 3492.582 ; gain = 564.797 ; free physical = 135 ; free virtual = 3617

Phase 5 Delay CleanUp

Phase 5.1 Update Timing
Phase 5.1 Update Timing | Checksum: 1867b468b

Time (s): cpu = 00:03:44 ; elapsed = 00:02:31 . Memory (MB): peak = 3492.582 ; gain = 564.797 ; free physical = 135 ; free virtual = 3617
INFO: [Route 35-57] Estimated Timing Summary | WNS=0.61   | TNS=0      | WHS=N/A    | THS=N/A    |

Phase 5 Delay CleanUp | Checksum: 1867b468b

Time (s): cpu = 00:03:44 ; elapsed = 00:02:31 . Memory (MB): peak = 3492.582 ; gain = 564.797 ; free physical = 135 ; free virtual = 3617

Phase 6 Clock Skew Optimization
Phase 6 Clock Skew Optimization | Checksum: 1867b468b

Time (s): cpu = 00:03:44 ; elapsed = 00:02:31 . Memory (MB): peak = 3492.582 ; gain = 564.797 ; free physical = 135 ; free virtual = 3617

Phase 7 Post Hold Fix

Phase 7.1 Update Timing
Phase 7.1 Update Timing | Checksum: 17df1d8a8

Time (s): cpu = 00:03:45 ; elapsed = 00:02:31 . Memory (MB): peak = 3492.582 ; gain = 564.797 ; free physical = 135 ; free virtual = 3617
INFO: [Route 35-57] Estimated Timing Summary | WNS=0.61   | TNS=0      | WHS=0.15   | THS=0      |

Phase 7 Post Hold Fix | Checksum: 17df1d8a8

Time (s): cpu = 00:03:45 ; elapsed = 00:02:31 . Memory (MB): peak = 3492.582 ; gain = 564.797 ; free physical = 135 ; free virtual = 3617

Phase 8 Route finalize

Router Utilization Summary
  Global Vertical Routing Utilization    = 0.178426 %
  Global Horizontal Routing Utilization  = 0.321163 %
  Routable Net Status*
  *Does not include unroutable nets such as driverless and loadless.
  Run report_route_status for detailed report.
  Number of Failed Nets               = 0
  Number of Unrouted Nets             = 0
  Number of Partially Routed Nets     = 0
  Number of Node Overlaps             = 0

Phase 8 Route finalize | Checksum: 1b4914d7a

Time (s): cpu = 00:03:45 ; elapsed = 00:02:31 . Memory (MB): peak = 3492.582 ; gain = 564.797 ; free physical = 135 ; free virtual = 3617

Phase 9 Verifying routed nets

 Verification completed successfully
Phase 9 Verifying routed nets | Checksum: 1b4914d7a

Time (s): cpu = 00:03:46 ; elapsed = 00:02:31 . Memory (MB): peak = 3492.582 ; gain = 564.797 ; free physical = 135 ; free virtual = 3617

Phase 10 Depositing Routes
Phase 10 Depositing Routes | Checksum: 12be300a6

Time (s): cpu = 00:03:46 ; elapsed = 00:02:31 . Memory (MB): peak = 3492.582 ; gain = 564.797 ; free physical = 135 ; free virtual = 3617

Phase 11 Post Router Timing
INFO: [Route 35-57] Estimated Timing Summary | WNS=0.61   | TNS=0      | WHS=0.15   | THS=0      |

INFO: [Route 35-327] The final timing numbers are based on the router estimated timing analysis. For a complete and accurate timing signoff, please run report_timing_summary.
Phase 11 Post Router Timing | Checksum: 12be300a6

Time (s): cpu = 00:03:46 ; elapsed = 00:02:32 . Memory (MB): peak = 3492.582 ; gain = 564.797 ; free physical = 135 ; free virtual = 3617
INFO: [Route 35-16] Router Completed Successfully

Routing Is Done.

Time (s): cpu = 00:03:46 ; elapsed = 00:02:32 . Memory (MB): peak = 3492.582 ; gain = 564.797 ; free physical = 135 ; free virtual = 3617
INFO: [Common 17-83] Releasing license: Implementation
14 Infos, 0 Warnings, 0 Critical Warnings and 0 Errors encountered.
route_design completed successfully
route_design: Time (s): cpu = 00:03:48 ; elapsed = 00:02:33 . Memory (MB): peak = 3492.582 ; gain = 564.797 ; free physical = 135 ; free virtual = 3617
# report_utilization  -file ${work}/${top}_utilization_route.rpt
report_utilization: Time (s): cpu = 00:00:00.17 ; elapsed = 00:00:00.28 . Memory (MB): peak = 3492.582 ; gain = 0.000 ; free physical = 135 ; free virtual = 3618
# report_timing -file ${work}/${top}_timing_summary_route.rpt
INFO: [Timing 38-91] UpdateTimingParams: Speed grade: -1, Delay Type: max.
INFO: [Timing 38-191] Multithreading enabled for timing update using a maximum of 8 CPUs
INFO: [Timing 38-78] ReportTimingParams: -max_paths 1 -nworst 1 -delay_type max -sort_by slack.
# report_timing -nworst 50 -file ${work}/${top}_timing_route.rpt
INFO: [Timing 38-91] UpdateTimingParams: Speed grade: -1, Delay Type: max.
INFO: [Timing 38-191] Multithreading enabled for timing update using a maximum of 8 CPUs
INFO: [Timing 38-78] ReportTimingParams: -max_paths 1 -nworst 50 -delay_type max -sort_by slack.
INFO: [Common 17-206] Exiting Vivado at Tue Apr 18 18:08:49 2017...
